<?xml version="1.0" encoding="UTF-8"?>
<coverage generated="1538523044831" clover="3.2.0">
  <project timestamp="1538523044832" name="All files">
    <metrics statements="135" coveredstatements="135" conditionals="49" coveredconditionals="49" methods="33" coveredmethods="32" elements="217" coveredelements="216" complexity="0" loc="135" ncloc="135" packages="2" files="11" classes="11">
      <package name="lib">
        <metrics statements="61" coveredstatements="61" conditionals="27" coveredconditionals="27" methods="16" coveredmethods="15"/>
        <file name="IterableConcretizer.js" path="/home/sergio/Development/Proof of Concepts/linq-js/lib/IterableConcretizer.js">
          <metrics statements="61" coveredstatements="61" conditionals="27" coveredconditionals="27" methods="16" coveredmethods="15"/>
          <line num="1" count="1" type="stmt"/>
          <line num="2" count="1" type="stmt"/>
          <line num="4" count="1" type="stmt"/>
          <line num="5" count="17" type="stmt"/>
          <line num="21" count="1" type="stmt"/>
          <line num="23" count="19" type="stmt"/>
          <line num="27" count="1" type="stmt"/>
          <line num="34" count="1" type="stmt"/>
          <line num="35" count="1" type="stmt"/>
          <line num="37" count="1" type="stmt"/>
          <line num="38" count="4" type="stmt"/>
          <line num="39" count="4" type="cond" truecount="2" falsecount="0"/>
          <line num="40" count="1" type="stmt"/>
          <line num="42" count="3" type="stmt"/>
          <line num="46" count="1" type="cond" truecount="1" falsecount="0"/>
          <line num="47" count="4" type="stmt"/>
          <line num="49" count="4" type="stmt"/>
          <line num="50" count="5" type="stmt"/>
          <line num="51" count="5" type="cond" truecount="2" falsecount="0"/>
          <line num="52" count="2" type="stmt"/>
          <line num="54" count="3" type="cond" truecount="2" falsecount="0"/>
          <line num="55" count="2" type="stmt"/>
          <line num="58" count="2" type="stmt"/>
          <line num="61" count="1" type="cond" truecount="1" falsecount="0"/>
          <line num="62" count="3" type="stmt"/>
          <line num="64" count="3" type="stmt"/>
          <line num="65" count="4" type="stmt"/>
          <line num="66" count="4" type="cond" truecount="2" falsecount="0"/>
          <line num="67" count="1" type="stmt"/>
          <line num="69" count="3" type="cond" truecount="2" falsecount="0"/>
          <line num="70" count="2" type="stmt"/>
          <line num="76" count="3" type="stmt"/>
          <line num="78" count="3" type="stmt"/>
          <line num="79" count="9" type="stmt"/>
          <line num="80" count="9" type="cond" truecount="2" falsecount="0"/>
          <line num="81" count="2" type="stmt"/>
          <line num="83" count="7" type="cond" truecount="2" falsecount="0"/>
          <line num="84" count="1" type="stmt"/>
          <line num="90" count="8" type="cond" truecount="2" falsecount="0"/>
          <line num="92" count="2" type="stmt"/>
          <line num="101" count="1" type="cond" truecount="1" falsecount="0"/>
          <line num="102" count="4" type="stmt"/>
          <line num="104" count="4" type="stmt"/>
          <line num="105" count="10" type="stmt"/>
          <line num="106" count="10" type="cond" truecount="2" falsecount="0"/>
          <line num="107" count="1" type="stmt"/>
          <line num="112" count="9" type="cond" truecount="2" falsecount="0"/>
          <line num="113" count="3" type="stmt"/>
          <line num="115" count="9" type="stmt"/>
          <line num="116" count="9" type="cond" truecount="2" falsecount="0"/>
          <line num="117" count="3" type="stmt"/>
          <line num="120" count="1" type="stmt"/>
          <line num="127" count="1" type="stmt"/>
          <line num="129" count="1" type="stmt"/>
          <line num="130" count="1" type="stmt"/>
          <line num="131" count="4" type="stmt"/>
          <line num="132" count="4" type="cond" truecount="2" falsecount="0"/>
          <line num="133" count="1" type="stmt"/>
          <line num="135" count="3" type="stmt"/>
          <line num="138" count="1" type="stmt"/>
          <line num="142" count="1" type="stmt"/>
        </file>
      </package>
      <package name="lib.functions">
        <metrics statements="74" coveredstatements="74" conditionals="22" coveredconditionals="22" methods="17" coveredmethods="17"/>
        <file name="concat.js" path="/home/sergio/Development/Proof of Concepts/linq-js/lib/functions/concat.js">
          <metrics statements="4" coveredstatements="4" conditionals="0" coveredconditionals="0" methods="1" coveredmethods="1"/>
          <line num="1" count="2" type="stmt"/>
          <line num="2" count="2" type="stmt"/>
          <line num="3" count="2" type="stmt"/>
          <line num="6" count="2" type="stmt"/>
        </file>
        <file name="filter.js" path="/home/sergio/Development/Proof of Concepts/linq-js/lib/functions/filter.js">
          <metrics statements="9" coveredstatements="9" conditionals="4" coveredconditionals="4" methods="3" coveredmethods="3"/>
          <line num="1" count="2" type="stmt"/>
          <line num="3" count="2" type="stmt"/>
          <line num="5" count="2" type="stmt"/>
          <line num="6" count="2" type="stmt"/>
          <line num="10" count="12" type="stmt"/>
          <line num="11" count="18" type="stmt"/>
          <line num="13" count="18" type="cond" truecount="4" falsecount="0"/>
          <line num="14" count="12" type="stmt"/>
          <line num="25" count="2" type="stmt"/>
        </file>
        <file name="get.js" path="/home/sergio/Development/Proof of Concepts/linq-js/lib/functions/get.js">
          <metrics statements="10" coveredstatements="10" conditionals="6" coveredconditionals="6" methods="1" coveredmethods="1"/>
          <line num="1" count="2" type="stmt"/>
          <line num="2" count="5" type="stmt"/>
          <line num="4" count="5" type="stmt"/>
          <line num="5" count="5" type="stmt"/>
          <line num="6" count="14" type="cond" truecount="2" falsecount="0"/>
          <line num="7" count="1" type="stmt"/>
          <line num="10" count="13" type="stmt"/>
          <line num="12" count="13" type="cond" truecount="4" falsecount="0"/>
          <line num="13" count="4" type="stmt"/>
          <line num="18" count="2" type="stmt"/>
        </file>
        <file name="index.js" path="/home/sergio/Development/Proof of Concepts/linq-js/lib/functions/index.js">
          <metrics statements="9" coveredstatements="9" conditionals="0" coveredconditionals="0" methods="0" coveredmethods="0"/>
          <line num="1" count="1" type="stmt"/>
          <line num="2" count="1" type="stmt"/>
          <line num="3" count="1" type="stmt"/>
          <line num="4" count="1" type="stmt"/>
          <line num="5" count="1" type="stmt"/>
          <line num="6" count="1" type="stmt"/>
          <line num="7" count="1" type="stmt"/>
          <line num="8" count="1" type="stmt"/>
          <line num="10" count="1" type="stmt"/>
        </file>
        <file name="map.js" path="/home/sergio/Development/Proof of Concepts/linq-js/lib/functions/map.js">
          <metrics statements="7" coveredstatements="7" conditionals="2" coveredconditionals="2" methods="3" coveredmethods="3"/>
          <line num="1" count="6" type="stmt"/>
          <line num="3" count="6" type="stmt"/>
          <line num="5" count="6" type="stmt"/>
          <line num="6" count="6" type="stmt"/>
          <line num="8" count="32" type="stmt"/>
          <line num="9" count="32" type="stmt"/>
          <line num="18" count="2" type="stmt"/>
        </file>
        <file name="reduce.js" path="/home/sergio/Development/Proof of Concepts/linq-js/lib/functions/reduce.js">
          <metrics statements="13" coveredstatements="13" conditionals="6" coveredconditionals="6" methods="1" coveredmethods="1"/>
          <line num="1" count="2" type="stmt"/>
          <line num="2" count="6" type="stmt"/>
          <line num="4" count="6" type="stmt"/>
          <line num="5" count="6" type="stmt"/>
          <line num="6" count="6" type="stmt"/>
          <line num="7" count="25" type="stmt"/>
          <line num="9" count="25" type="cond" truecount="2" falsecount="0"/>
          <line num="10" count="6" type="cond" truecount="2" falsecount="0"/>
          <line num="11" count="2" type="stmt"/>
          <line num="13" count="4" type="stmt"/>
          <line num="16" count="19" type="cond" truecount="2" falsecount="0"/>
          <line num="19" count="19" type="stmt"/>
          <line num="23" count="2" type="stmt"/>
        </file>
        <file name="repeat.js" path="/home/sergio/Development/Proof of Concepts/linq-js/lib/functions/repeat.js">
          <metrics statements="4" coveredstatements="4" conditionals="0" coveredconditionals="0" methods="3" coveredmethods="3"/>
          <line num="1" count="2" type="stmt"/>
          <line num="3" count="2" type="stmt"/>
          <line num="5" count="11" type="stmt"/>
          <line num="14" count="2" type="stmt"/>
        </file>
        <file name="skip.js" path="/home/sergio/Development/Proof of Concepts/linq-js/lib/functions/skip.js">
          <metrics statements="5" coveredstatements="5" conditionals="2" coveredconditionals="2" methods="1" coveredmethods="1"/>
          <line num="1" count="2" type="stmt"/>
          <line num="2" count="2" type="stmt"/>
          <line num="3" count="8" type="cond" truecount="2" falsecount="0"/>
          <line num="4" count="3" type="stmt"/>
          <line num="9" count="2" type="stmt"/>
        </file>
        <file name="take.js" path="/home/sergio/Development/Proof of Concepts/linq-js/lib/functions/take.js">
          <metrics statements="6" coveredstatements="6" conditionals="2" coveredconditionals="2" methods="1" coveredmethods="1"/>
          <line num="1" count="2" type="stmt"/>
          <line num="2" count="2" type="stmt"/>
          <line num="3" count="5" type="stmt"/>
          <line num="5" count="5" type="cond" truecount="2" falsecount="0"/>
          <line num="6" count="1" type="stmt"/>
          <line num="11" count="2" type="stmt"/>
        </file>
        <file name="toIterable.js" path="/home/sergio/Development/Proof of Concepts/linq-js/lib/functions/toIterable.js">
          <metrics statements="7" coveredstatements="7" conditionals="0" coveredconditionals="0" methods="3" coveredmethods="3"/>
          <line num="1" count="1" type="stmt"/>
          <line num="3" count="1" type="stmt"/>
          <line num="4" count="1" type="stmt"/>
          <line num="6" count="2" type="stmt"/>
          <line num="11" count="2" type="stmt"/>
          <line num="12" count="2" type="stmt"/>
          <line num="18" count="1" type="stmt"/>
        </file>
      </package>
    </metrics>
  </project>
</coverage>
