{"/home/sergio/Development/Proof of Concepts/linq-js/lib/IterableConcretizer.js": {"path":"/home/sergio/Development/Proof of Concepts/linq-js/lib/IterableConcretizer.js","statementMap":{"0":{"start":{"line":1,"column":16},"end":{"line":1,"column":42}},"1":{"start":{"line":2,"column":22},"end":{"line":2,"column":75}},"2":{"start":{"line":4,"column":24},"end":{"line":6,"column":1}},"3":{"start":{"line":5,"column":2},"end":{"line":5,"column":69}},"4":{"start":{"line":21,"column":28},"end":{"line":140,"column":1}},"5":{"start":{"line":23,"column":4},"end":{"line":23,"column":29}},"6":{"start":{"line":27,"column":4},"end":{"line":27,"column":25}},"7":{"start":{"line":34,"column":18},"end":{"line":34,"column":20}},"8":{"start":{"line":35,"column":21},"end":{"line":35,"column":53}},"9":{"start":{"line":37,"column":4},"end":{"line":43,"column":5}},"10":{"start":{"line":38,"column":19},"end":{"line":38,"column":34}},"11":{"start":{"line":39,"column":6},"end":{"line":41,"column":7}},"12":{"start":{"line":40,"column":8},"end":{"line":40,"column":21}},"13":{"start":{"line":42,"column":6},"end":{"line":42,"column":29}},"14":{"start":{"line":46,"column":32},"end":{"line":46,"column":36}},"15":{"start":{"line":47,"column":21},"end":{"line":47,"column":53}},"16":{"start":{"line":49,"column":4},"end":{"line":57,"column":5}},"17":{"start":{"line":50,"column":30},"end":{"line":50,"column":45}},"18":{"start":{"line":51,"column":6},"end":{"line":53,"column":7}},"19":{"start":{"line":52,"column":8},"end":{"line":52,"column":14}},"20":{"start":{"line":54,"column":6},"end":{"line":56,"column":7}},"21":{"start":{"line":55,"column":8},"end":{"line":55,"column":21}},"22":{"start":{"line":58,"column":4},"end":{"line":58,"column":44}},"23":{"start":{"line":61,"column":30},"end":{"line":61,"column":34}},"24":{"start":{"line":62,"column":21},"end":{"line":62,"column":53}},"25":{"start":{"line":64,"column":4},"end":{"line":72,"column":5}},"26":{"start":{"line":65,"column":30},"end":{"line":65,"column":45}},"27":{"start":{"line":66,"column":6},"end":{"line":68,"column":7}},"28":{"start":{"line":67,"column":8},"end":{"line":67,"column":21}},"29":{"start":{"line":69,"column":6},"end":{"line":71,"column":7}},"30":{"start":{"line":70,"column":8},"end":{"line":70,"column":20}},"31":{"start":{"line":76,"column":21},"end":{"line":76,"column":53}},"32":{"start":{"line":78,"column":4},"end":{"line":86,"column":5}},"33":{"start":{"line":79,"column":30},"end":{"line":79,"column":45}},"34":{"start":{"line":80,"column":6},"end":{"line":82,"column":7}},"35":{"start":{"line":81,"column":8},"end":{"line":81,"column":20}},"36":{"start":{"line":83,"column":6},"end":{"line":85,"column":7}},"37":{"start":{"line":84,"column":8},"end":{"line":84,"column":21}},"38":{"start":{"line":90,"column":21},"end":{"line":90,"column":73}},"39":{"start":{"line":90,"column":45},"end":{"line":90,"column":72}},"40":{"start":{"line":92,"column":4},"end":{"line":92,"column":39}},"41":{"start":{"line":101,"column":43},"end":{"line":101,"column":47}},"42":{"start":{"line":102,"column":21},"end":{"line":102,"column":53}},"43":{"start":{"line":104,"column":4},"end":{"line":119,"column":5}},"44":{"start":{"line":105,"column":30},"end":{"line":105,"column":45}},"45":{"start":{"line":106,"column":6},"end":{"line":108,"column":7}},"46":{"start":{"line":107,"column":8},"end":{"line":107,"column":14}},"47":{"start":{"line":112,"column":28},"end":{"line":113,"column":39}},"48":{"start":{"line":113,"column":28},"end":{"line":113,"column":39}},"49":{"start":{"line":115,"column":27},"end":{"line":115,"column":48}},"50":{"start":{"line":116,"column":6},"end":{"line":118,"column":7}},"51":{"start":{"line":117,"column":8},"end":{"line":117,"column":28}},"52":{"start":{"line":120,"column":4},"end":{"line":120,"column":44}},"53":{"start":{"line":127,"column":21},"end":{"line":127,"column":53}},"54":{"start":{"line":129,"column":16},"end":{"line":129,"column":17}},"55":{"start":{"line":130,"column":4},"end":{"line":136,"column":5}},"56":{"start":{"line":131,"column":19},"end":{"line":131,"column":34}},"57":{"start":{"line":132,"column":6},"end":{"line":134,"column":7}},"58":{"start":{"line":133,"column":8},"end":{"line":133,"column":14}},"59":{"start":{"line":135,"column":6},"end":{"line":135,"column":14}},"60":{"start":{"line":138,"column":4},"end":{"line":138,"column":17}},"61":{"start":{"line":142,"column":0},"end":{"line":142,"column":41}}},"fnMap":{"0":{"name":"(anonymous_0)","decl":{"start":{"line":2,"column":44},"end":{"line":2,"column":45}},"loc":{"start":{"line":2,"column":60},"end":{"line":2,"column":62}},"line":2},"1":{"name":"(anonymous_1)","decl":{"start":{"line":4,"column":24},"end":{"line":4,"column":25}},"loc":{"start":{"line":4,"column":38},"end":{"line":6,"column":1}},"line":4},"2":{"name":"(anonymous_2)","decl":{"start":{"line":22,"column":2},"end":{"line":22,"column":3}},"loc":{"start":{"line":22,"column":24},"end":{"line":24,"column":3}},"line":22},"3":{"name":"(anonymous_3)","decl":{"start":{"line":26,"column":2},"end":{"line":26,"column":3}},"loc":{"start":{"line":26,"column":22},"end":{"line":28,"column":3}},"line":26},"4":{"name":"(anonymous_4)","decl":{"start":{"line":33,"column":2},"end":{"line":33,"column":3}},"loc":{"start":{"line":33,"column":12},"end":{"line":44,"column":3}},"line":33},"5":{"name":"(anonymous_5)","decl":{"start":{"line":46,"column":2},"end":{"line":46,"column":3}},"loc":{"start":{"line":46,"column":38},"end":{"line":59,"column":3}},"line":46},"6":{"name":"(anonymous_6)","decl":{"start":{"line":46,"column":26},"end":{"line":46,"column":27}},"loc":{"start":{"line":46,"column":32},"end":{"line":46,"column":36}},"line":46},"7":{"name":"(anonymous_7)","decl":{"start":{"line":61,"column":2},"end":{"line":61,"column":3}},"loc":{"start":{"line":61,"column":36},"end":{"line":73,"column":3}},"line":61},"8":{"name":"(anonymous_8)","decl":{"start":{"line":61,"column":24},"end":{"line":61,"column":25}},"loc":{"start":{"line":61,"column":30},"end":{"line":61,"column":34}},"line":61},"9":{"name":"(anonymous_9)","decl":{"start":{"line":75,"column":2},"end":{"line":75,"column":3}},"loc":{"start":{"line":75,"column":23},"end":{"line":87,"column":3}},"line":75},"10":{"name":"(anonymous_10)","decl":{"start":{"line":89,"column":2},"end":{"line":89,"column":3}},"loc":{"start":{"line":89,"column":23},"end":{"line":93,"column":3}},"line":89},"11":{"name":"(anonymous_11)","decl":{"start":{"line":90,"column":40},"end":{"line":90,"column":41}},"loc":{"start":{"line":90,"column":45},"end":{"line":90,"column":72}},"line":90},"12":{"name":"(anonymous_12)","decl":{"start":{"line":101,"column":2},"end":{"line":101,"column":3}},"loc":{"start":{"line":101,"column":49},"end":{"line":121,"column":3}},"line":101},"13":{"name":"(anonymous_13)","decl":{"start":{"line":101,"column":37},"end":{"line":101,"column":38}},"loc":{"start":{"line":101,"column":43},"end":{"line":101,"column":47}},"line":101},"14":{"name":"(anonymous_14)","decl":{"start":{"line":113,"column":16},"end":{"line":113,"column":17}},"loc":{"start":{"line":113,"column":28},"end":{"line":113,"column":39}},"line":113},"15":{"name":"(anonymous_15)","decl":{"start":{"line":126,"column":2},"end":{"line":126,"column":3}},"loc":{"start":{"line":126,"column":10},"end":{"line":139,"column":3}},"line":126}},"branchMap":{"0":{"loc":{"start":{"line":39,"column":6},"end":{"line":41,"column":7}},"type":"if","locations":[{"start":{"line":39,"column":6},"end":{"line":41,"column":7}},{"start":{"line":39,"column":6},"end":{"line":41,"column":7}}],"line":39},"1":{"loc":{"start":{"line":46,"column":8},"end":{"line":46,"column":36}},"type":"default-arg","locations":[{"start":{"line":46,"column":26},"end":{"line":46,"column":36}}],"line":46},"2":{"loc":{"start":{"line":51,"column":6},"end":{"line":53,"column":7}},"type":"if","locations":[{"start":{"line":51,"column":6},"end":{"line":53,"column":7}},{"start":{"line":51,"column":6},"end":{"line":53,"column":7}}],"line":51},"3":{"loc":{"start":{"line":54,"column":6},"end":{"line":56,"column":7}},"type":"if","locations":[{"start":{"line":54,"column":6},"end":{"line":56,"column":7}},{"start":{"line":54,"column":6},"end":{"line":56,"column":7}}],"line":54},"4":{"loc":{"start":{"line":61,"column":6},"end":{"line":61,"column":34}},"type":"default-arg","locations":[{"start":{"line":61,"column":24},"end":{"line":61,"column":34}}],"line":61},"5":{"loc":{"start":{"line":66,"column":6},"end":{"line":68,"column":7}},"type":"if","locations":[{"start":{"line":66,"column":6},"end":{"line":68,"column":7}},{"start":{"line":66,"column":6},"end":{"line":68,"column":7}}],"line":66},"6":{"loc":{"start":{"line":69,"column":6},"end":{"line":71,"column":7}},"type":"if","locations":[{"start":{"line":69,"column":6},"end":{"line":71,"column":7}},{"start":{"line":69,"column":6},"end":{"line":71,"column":7}}],"line":69},"7":{"loc":{"start":{"line":80,"column":6},"end":{"line":82,"column":7}},"type":"if","locations":[{"start":{"line":80,"column":6},"end":{"line":82,"column":7}},{"start":{"line":80,"column":6},"end":{"line":82,"column":7}}],"line":80},"8":{"loc":{"start":{"line":83,"column":6},"end":{"line":85,"column":7}},"type":"if","locations":[{"start":{"line":83,"column":6},"end":{"line":85,"column":7}},{"start":{"line":83,"column":6},"end":{"line":85,"column":7}}],"line":83},"9":{"loc":{"start":{"line":90,"column":45},"end":{"line":90,"column":72}},"type":"cond-expr","locations":[{"start":{"line":90,"column":65},"end":{"line":90,"column":68}},{"start":{"line":90,"column":71},"end":{"line":90,"column":72}}],"line":90},"10":{"loc":{"start":{"line":101,"column":19},"end":{"line":101,"column":47}},"type":"default-arg","locations":[{"start":{"line":101,"column":37},"end":{"line":101,"column":47}}],"line":101},"11":{"loc":{"start":{"line":106,"column":6},"end":{"line":108,"column":7}},"type":"if","locations":[{"start":{"line":106,"column":6},"end":{"line":108,"column":7}},{"start":{"line":106,"column":6},"end":{"line":108,"column":7}}],"line":106},"12":{"loc":{"start":{"line":112,"column":28},"end":{"line":113,"column":39}},"type":"cond-expr","locations":[{"start":{"line":113,"column":8},"end":{"line":113,"column":13}},{"start":{"line":113,"column":16},"end":{"line":113,"column":39}}],"line":112},"13":{"loc":{"start":{"line":116,"column":6},"end":{"line":118,"column":7}},"type":"if","locations":[{"start":{"line":116,"column":6},"end":{"line":118,"column":7}},{"start":{"line":116,"column":6},"end":{"line":118,"column":7}}],"line":116},"14":{"loc":{"start":{"line":132,"column":6},"end":{"line":134,"column":7}},"type":"if","locations":[{"start":{"line":132,"column":6},"end":{"line":134,"column":7}},{"start":{"line":132,"column":6},"end":{"line":134,"column":7}}],"line":132}},"s":{"0":1,"1":1,"2":1,"3":17,"4":1,"5":19,"6":1,"7":1,"8":1,"9":1,"10":4,"11":4,"12":1,"13":3,"14":1,"15":4,"16":4,"17":5,"18":5,"19":2,"20":3,"21":2,"22":2,"23":1,"24":3,"25":3,"26":4,"27":4,"28":1,"29":3,"30":2,"31":3,"32":3,"33":9,"34":9,"35":2,"36":7,"37":1,"38":2,"39":8,"40":2,"41":1,"42":4,"43":4,"44":10,"45":10,"46":1,"47":9,"48":3,"49":9,"50":9,"51":3,"52":1,"53":1,"54":1,"55":1,"56":4,"57":4,"58":1,"59":3,"60":1,"61":1},"f":{"0":0,"1":17,"2":19,"3":1,"4":1,"5":4,"6":1,"7":3,"8":1,"9":3,"10":2,"11":8,"12":4,"13":1,"14":3,"15":1},"b":{"0":[1,3],"1":[3],"2":[2,3],"3":[2,1],"4":[2],"5":[1,3],"6":[2,1],"7":[2,7],"8":[1,6],"9":[4,4],"10":[1],"11":[1,9],"12":[6,3],"13":[3,6],"14":[1,3]},"_coverageSchema":"332fd63041d2c1bcb487cc26dd0d5f7d97098a6c","hash":"e7e2ae8e6bacd235142080508131d706fa278e3f"}
,"/home/sergio/Development/Proof of Concepts/linq-js/lib/functions/concat.js": {"path":"/home/sergio/Development/Proof of Concepts/linq-js/lib/functions/concat.js","statementMap":{"0":{"start":{"line":1,"column":15},"end":{"line":4,"column":1}},"1":{"start":{"line":2,"column":2},"end":{"line":2,"column":18}},"2":{"start":{"line":3,"column":2},"end":{"line":3,"column":26}},"3":{"start":{"line":6,"column":0},"end":{"line":6,"column":28}}},"fnMap":{"0":{"name":"(anonymous_0)","decl":{"start":{"line":1,"column":15},"end":{"line":1,"column":16}},"loc":{"start":{"line":1,"column":54},"end":{"line":4,"column":1}},"line":1}},"branchMap":{},"s":{"0":2,"1":2,"2":2,"3":2},"f":{"0":2},"b":{},"_coverageSchema":"332fd63041d2c1bcb487cc26dd0d5f7d97098a6c","hash":"1fabc8b0c771b9acdf0e7a90c677c66221be60e1"}
,"/home/sergio/Development/Proof of Concepts/linq-js/lib/functions/filter.js": {"path":"/home/sergio/Development/Proof of Concepts/linq-js/lib/functions/filter.js","statementMap":{"0":{"start":{"line":1,"column":15},"end":{"line":23,"column":2}},"1":{"start":{"line":1,"column":47},"end":{"line":23,"column":1}},"2":{"start":{"line":3,"column":21},"end":{"line":3,"column":48}},"3":{"start":{"line":5,"column":16},"end":{"line":5,"column":17}},"4":{"start":{"line":6,"column":4},"end":{"line":21,"column":6}},"5":{"start":{"line":10,"column":8},"end":{"line":19,"column":9}},"6":{"start":{"line":11,"column":34},"end":{"line":11,"column":49}},"7":{"start":{"line":13,"column":10},"end":{"line":18,"column":11}},"8":{"start":{"line":14,"column":12},"end":{"line":17,"column":14}},"9":{"start":{"line":25,"column":0},"end":{"line":25,"column":28}}},"fnMap":{"0":{"name":"(anonymous_0)","decl":{"start":{"line":1,"column":15},"end":{"line":1,"column":16}},"loc":{"start":{"line":1,"column":47},"end":{"line":23,"column":1}},"line":1},"1":{"name":"(anonymous_1)","decl":{"start":{"line":2,"column":21},"end":{"line":2,"column":22}},"loc":{"start":{"line":2,"column":27},"end":{"line":22,"column":3}},"line":2},"2":{"name":"(anonymous_2)","decl":{"start":{"line":7,"column":12},"end":{"line":7,"column":13}},"loc":{"start":{"line":7,"column":18},"end":{"line":20,"column":7}},"line":7}},"branchMap":{"0":{"loc":{"start":{"line":13,"column":10},"end":{"line":18,"column":11}},"type":"if","locations":[{"start":{"line":13,"column":10},"end":{"line":18,"column":11}},{"start":{"line":13,"column":10},"end":{"line":18,"column":11}}],"line":13},"1":{"loc":{"start":{"line":13,"column":14},"end":{"line":13,"column":53}},"type":"binary-expr","locations":[{"start":{"line":13,"column":14},"end":{"line":13,"column":18}},{"start":{"line":13,"column":22},"end":{"line":13,"column":53}}],"line":13}},"s":{"0":2,"1":2,"2":2,"3":2,"4":2,"5":12,"6":18,"7":18,"8":12,"9":2},"f":{"0":2,"1":2,"2":12},"b":{"0":[12,6],"1":[18,16]},"_coverageSchema":"332fd63041d2c1bcb487cc26dd0d5f7d97098a6c","hash":"4dc0020b86ac5fa0a845b32103549abcb9344678"}
,"/home/sergio/Development/Proof of Concepts/linq-js/lib/functions/get.js": {"path":"/home/sergio/Development/Proof of Concepts/linq-js/lib/functions/get.js","statementMap":{"0":{"start":{"line":1,"column":12},"end":{"line":16,"column":1}},"1":{"start":{"line":2,"column":19},"end":{"line":2,"column":46}},"2":{"start":{"line":4,"column":10},"end":{"line":4,"column":15}},"3":{"start":{"line":5,"column":2},"end":{"line":15,"column":3}},"4":{"start":{"line":6,"column":4},"end":{"line":8,"column":5}},"5":{"start":{"line":7,"column":6},"end":{"line":7,"column":23}},"6":{"start":{"line":10,"column":28},"end":{"line":10,"column":43}},"7":{"start":{"line":12,"column":4},"end":{"line":14,"column":5}},"8":{"start":{"line":13,"column":6},"end":{"line":13,"column":19}},"9":{"start":{"line":18,"column":0},"end":{"line":18,"column":25}}},"fnMap":{"0":{"name":"(anonymous_0)","decl":{"start":{"line":1,"column":12},"end":{"line":1,"column":13}},"loc":{"start":{"line":1,"column":33},"end":{"line":16,"column":1}},"line":1}},"branchMap":{"0":{"loc":{"start":{"line":6,"column":4},"end":{"line":8,"column":5}},"type":"if","locations":[{"start":{"line":6,"column":4},"end":{"line":8,"column":5}},{"start":{"line":6,"column":4},"end":{"line":8,"column":5}}],"line":6},"1":{"loc":{"start":{"line":12,"column":4},"end":{"line":14,"column":5}},"type":"if","locations":[{"start":{"line":12,"column":4},"end":{"line":14,"column":5}},{"start":{"line":12,"column":4},"end":{"line":14,"column":5}}],"line":12},"2":{"loc":{"start":{"line":12,"column":8},"end":{"line":12,"column":20}},"type":"binary-expr","locations":[{"start":{"line":12,"column":8},"end":{"line":12,"column":12}},{"start":{"line":12,"column":16},"end":{"line":12,"column":20}}],"line":12}},"s":{"0":2,"1":5,"2":5,"3":5,"4":14,"5":1,"6":13,"7":13,"8":4,"9":2},"f":{"0":5},"b":{"0":[1,13],"1":[4,9],"2":[13,12]},"_coverageSchema":"332fd63041d2c1bcb487cc26dd0d5f7d97098a6c","hash":"6ea8d3177b057784e854bf829a1146d66c8f7a47"}
,"/home/sergio/Development/Proof of Concepts/linq-js/lib/functions/index.js": {"path":"/home/sergio/Development/Proof of Concepts/linq-js/lib/functions/index.js","statementMap":{"0":{"start":{"line":1,"column":19},"end":{"line":1,"column":38}},"1":{"start":{"line":2,"column":19},"end":{"line":2,"column":38}},"2":{"start":{"line":3,"column":16},"end":{"line":3,"column":32}},"3":{"start":{"line":4,"column":16},"end":{"line":4,"column":32}},"4":{"start":{"line":5,"column":19},"end":{"line":5,"column":38}},"5":{"start":{"line":6,"column":19},"end":{"line":6,"column":38}},"6":{"start":{"line":7,"column":17},"end":{"line":7,"column":34}},"7":{"start":{"line":8,"column":17},"end":{"line":8,"column":34}},"8":{"start":{"line":10,"column":0},"end":{"line":19,"column":2}}},"fnMap":{},"branchMap":{},"s":{"0":1,"1":1,"2":1,"3":1,"4":1,"5":1,"6":1,"7":1,"8":1},"f":{},"b":{},"_coverageSchema":"332fd63041d2c1bcb487cc26dd0d5f7d97098a6c","hash":"adfdc5d2723a4897fac0e60b8fb1f667a6573d4b"}
,"/home/sergio/Development/Proof of Concepts/linq-js/lib/functions/map.js": {"path":"/home/sergio/Development/Proof of Concepts/linq-js/lib/functions/map.js","statementMap":{"0":{"start":{"line":1,"column":12},"end":{"line":16,"column":2}},"1":{"start":{"line":1,"column":42},"end":{"line":16,"column":1}},"2":{"start":{"line":3,"column":21},"end":{"line":3,"column":48}},"3":{"start":{"line":5,"column":16},"end":{"line":5,"column":17}},"4":{"start":{"line":6,"column":4},"end":{"line":14,"column":6}},"5":{"start":{"line":8,"column":32},"end":{"line":8,"column":47}},"6":{"start":{"line":9,"column":8},"end":{"line":12,"column":10}},"7":{"start":{"line":18,"column":0},"end":{"line":18,"column":25}}},"fnMap":{"0":{"name":"(anonymous_0)","decl":{"start":{"line":1,"column":12},"end":{"line":1,"column":13}},"loc":{"start":{"line":1,"column":42},"end":{"line":16,"column":1}},"line":1},"1":{"name":"(anonymous_1)","decl":{"start":{"line":2,"column":21},"end":{"line":2,"column":22}},"loc":{"start":{"line":2,"column":27},"end":{"line":15,"column":3}},"line":2},"2":{"name":"(anonymous_2)","decl":{"start":{"line":7,"column":12},"end":{"line":7,"column":13}},"loc":{"start":{"line":7,"column":18},"end":{"line":13,"column":7}},"line":7}},"branchMap":{"0":{"loc":{"start":{"line":10,"column":17},"end":{"line":10,"column":55}},"type":"binary-expr","locations":[{"start":{"line":10,"column":17},"end":{"line":10,"column":22}},{"start":{"line":10,"column":26},"end":{"line":10,"column":55}}],"line":10}},"s":{"0":2,"1":6,"2":6,"3":6,"4":6,"5":32,"6":32,"7":2},"f":{"0":6,"1":6,"2":32},"b":{"0":[32,27]},"_coverageSchema":"332fd63041d2c1bcb487cc26dd0d5f7d97098a6c","hash":"d2936877be9c70d88b6deae15ffde637cf83154a"}
,"/home/sergio/Development/Proof of Concepts/linq-js/lib/functions/reduce.js": {"path":"/home/sergio/Development/Proof of Concepts/linq-js/lib/functions/reduce.js","statementMap":{"0":{"start":{"line":1,"column":15},"end":{"line":21,"column":1}},"1":{"start":{"line":2,"column":19},"end":{"line":2,"column":46}},"2":{"start":{"line":4,"column":14},"end":{"line":4,"column":15}},"3":{"start":{"line":5,"column":18},"end":{"line":5,"column":30}},"4":{"start":{"line":6,"column":2},"end":{"line":20,"column":3}},"5":{"start":{"line":7,"column":28},"end":{"line":7,"column":43}},"6":{"start":{"line":9,"column":4},"end":{"line":14,"column":5}},"7":{"start":{"line":10,"column":6},"end":{"line":12,"column":7}},"8":{"start":{"line":11,"column":10},"end":{"line":11,"column":80}},"9":{"start":{"line":13,"column":6},"end":{"line":13,"column":23}},"10":{"start":{"line":16,"column":4},"end":{"line":18,"column":12}},"11":{"start":{"line":19,"column":4},"end":{"line":19,"column":12}},"12":{"start":{"line":23,"column":0},"end":{"line":23,"column":28}}},"fnMap":{"0":{"name":"(anonymous_0)","decl":{"start":{"line":1,"column":15},"end":{"line":1,"column":16}},"loc":{"start":{"line":1,"column":59},"end":{"line":21,"column":1}},"line":1}},"branchMap":{"0":{"loc":{"start":{"line":9,"column":4},"end":{"line":14,"column":5}},"type":"if","locations":[{"start":{"line":9,"column":4},"end":{"line":14,"column":5}},{"start":{"line":9,"column":4},"end":{"line":14,"column":5}}],"line":9},"1":{"loc":{"start":{"line":10,"column":6},"end":{"line":12,"column":7}},"type":"if","locations":[{"start":{"line":10,"column":6},"end":{"line":12,"column":7}},{"start":{"line":10,"column":6},"end":{"line":12,"column":7}}],"line":10},"2":{"loc":{"start":{"line":16,"column":16},"end":{"line":18,"column":11}},"type":"cond-expr","locations":[{"start":{"line":17,"column":6},"end":{"line":17,"column":55}},{"start":{"line":18,"column":6},"end":{"line":18,"column":11}}],"line":16}},"s":{"0":2,"1":6,"2":6,"3":6,"4":6,"5":25,"6":25,"7":6,"8":2,"9":4,"10":19,"11":19,"12":2},"f":{"0":6},"b":{"0":[6,19],"1":[2,4],"2":[16,3]},"_coverageSchema":"332fd63041d2c1bcb487cc26dd0d5f7d97098a6c","hash":"d7f44f48011d602c47f652f34fefec93b64b7a1d"}
,"/home/sergio/Development/Proof of Concepts/linq-js/lib/functions/repeat.js": {"path":"/home/sergio/Development/Proof of Concepts/linq-js/lib/functions/repeat.js","statementMap":{"0":{"start":{"line":1,"column":15},"end":{"line":12,"column":2}},"1":{"start":{"line":1,"column":35},"end":{"line":12,"column":1}},"2":{"start":{"line":3,"column":4},"end":{"line":10,"column":6}},"3":{"start":{"line":5,"column":8},"end":{"line":8,"column":10}},"4":{"start":{"line":14,"column":0},"end":{"line":14,"column":28}}},"fnMap":{"0":{"name":"(anonymous_0)","decl":{"start":{"line":1,"column":15},"end":{"line":1,"column":16}},"loc":{"start":{"line":1,"column":35},"end":{"line":12,"column":1}},"line":1},"1":{"name":"(anonymous_1)","decl":{"start":{"line":2,"column":21},"end":{"line":2,"column":22}},"loc":{"start":{"line":2,"column":27},"end":{"line":11,"column":3}},"line":2},"2":{"name":"(anonymous_2)","decl":{"start":{"line":4,"column":12},"end":{"line":4,"column":13}},"loc":{"start":{"line":4,"column":18},"end":{"line":9,"column":7}},"line":4}},"branchMap":{},"s":{"0":2,"1":2,"2":2,"3":11,"4":2},"f":{"0":2,"1":2,"2":11},"b":{},"_coverageSchema":"332fd63041d2c1bcb487cc26dd0d5f7d97098a6c","hash":"e4067d7fff376d7a8023e2bc589b723eb0f15350"}
,"/home/sergio/Development/Proof of Concepts/linq-js/lib/functions/skip.js": {"path":"/home/sergio/Development/Proof of Concepts/linq-js/lib/functions/skip.js","statementMap":{"0":{"start":{"line":1,"column":13},"end":{"line":7,"column":1}},"1":{"start":{"line":2,"column":2},"end":{"line":6,"column":3}},"2":{"start":{"line":3,"column":4},"end":{"line":5,"column":5}},"3":{"start":{"line":4,"column":6},"end":{"line":4,"column":17}},"4":{"start":{"line":9,"column":0},"end":{"line":9,"column":26}}},"fnMap":{"0":{"name":"(anonymous_0)","decl":{"start":{"line":1,"column":13},"end":{"line":1,"column":14}},"loc":{"start":{"line":1,"column":42},"end":{"line":7,"column":1}},"line":1}},"branchMap":{"0":{"loc":{"start":{"line":3,"column":4},"end":{"line":5,"column":5}},"type":"if","locations":[{"start":{"line":3,"column":4},"end":{"line":5,"column":5}},{"start":{"line":3,"column":4},"end":{"line":5,"column":5}}],"line":3}},"s":{"0":2,"1":2,"2":8,"3":3,"4":2},"f":{"0":2},"b":{"0":[3,5]},"_coverageSchema":"332fd63041d2c1bcb487cc26dd0d5f7d97098a6c","hash":"85245e635e4d6f54a8cbd47daba8678f82668daf"}
,"/home/sergio/Development/Proof of Concepts/linq-js/lib/functions/take.js": {"path":"/home/sergio/Development/Proof of Concepts/linq-js/lib/functions/take.js","statementMap":{"0":{"start":{"line":1,"column":13},"end":{"line":9,"column":1}},"1":{"start":{"line":2,"column":2},"end":{"line":8,"column":3}},"2":{"start":{"line":3,"column":4},"end":{"line":3,"column":15}},"3":{"start":{"line":5,"column":4},"end":{"line":7,"column":5}},"4":{"start":{"line":6,"column":6},"end":{"line":6,"column":12}},"5":{"start":{"line":11,"column":0},"end":{"line":11,"column":26}}},"fnMap":{"0":{"name":"(anonymous_0)","decl":{"start":{"line":1,"column":13},"end":{"line":1,"column":14}},"loc":{"start":{"line":1,"column":42},"end":{"line":9,"column":1}},"line":1}},"branchMap":{"0":{"loc":{"start":{"line":5,"column":4},"end":{"line":7,"column":5}},"type":"if","locations":[{"start":{"line":5,"column":4},"end":{"line":7,"column":5}},{"start":{"line":5,"column":4},"end":{"line":7,"column":5}}],"line":5}},"s":{"0":2,"1":2,"2":5,"3":5,"4":1,"5":2},"f":{"0":2},"b":{"0":[1,4]},"_coverageSchema":"332fd63041d2c1bcb487cc26dd0d5f7d97098a6c","hash":"dbd5e0a1118c2707a7ad52f1cb2bd452e8cb3290"}
,"/home/sergio/Development/Proof of Concepts/linq-js/lib/functions/toIterable.js": {"path":"/home/sergio/Development/Proof of Concepts/linq-js/lib/functions/toIterable.js","statementMap":{"0":{"start":{"line":1,"column":19},"end":{"line":16,"column":2}},"1":{"start":{"line":1,"column":31},"end":{"line":16,"column":1}},"2":{"start":{"line":3,"column":15},"end":{"line":3,"column":20}},"3":{"start":{"line":4,"column":4},"end":{"line":14,"column":6}},"4":{"start":{"line":6,"column":23},"end":{"line":9,"column":9}},"5":{"start":{"line":11,"column":8},"end":{"line":11,"column":20}},"6":{"start":{"line":12,"column":8},"end":{"line":12,"column":22}},"7":{"start":{"line":18,"column":0},"end":{"line":18,"column":32}}},"fnMap":{"0":{"name":"(anonymous_0)","decl":{"start":{"line":1,"column":19},"end":{"line":1,"column":20}},"loc":{"start":{"line":1,"column":31},"end":{"line":16,"column":1}},"line":1},"1":{"name":"(anonymous_1)","decl":{"start":{"line":2,"column":21},"end":{"line":2,"column":22}},"loc":{"start":{"line":2,"column":27},"end":{"line":15,"column":3}},"line":2},"2":{"name":"(anonymous_2)","decl":{"start":{"line":5,"column":12},"end":{"line":5,"column":13}},"loc":{"start":{"line":5,"column":18},"end":{"line":13,"column":7}},"line":5}},"branchMap":{},"s":{"0":1,"1":1,"2":1,"3":1,"4":2,"5":2,"6":2,"7":1},"f":{"0":1,"1":1,"2":2},"b":{},"_coverageSchema":"332fd63041d2c1bcb487cc26dd0d5f7d97098a6c","hash":"fb46f3cf8ea807b1376e8bd712dced7524d2d9dd"}
}
