TN:
SF:/home/sergio/Development/Proof of Concepts/linq-js/lib/IterableConcretizer.js
FN:2,(anonymous_0)
FN:4,(anonymous_1)
FN:22,(anonymous_2)
FN:26,(anonymous_3)
FN:33,(anonymous_4)
FN:46,(anonymous_5)
FN:46,(anonymous_6)
FN:61,(anonymous_7)
FN:61,(anonymous_8)
FN:75,(anonymous_9)
FN:89,(anonymous_10)
FN:90,(anonymous_11)
FN:101,(anonymous_12)
FN:101,(anonymous_13)
FN:113,(anonymous_14)
FN:126,(anonymous_15)
FNF:16
FNH:15
FNDA:0,(anonymous_0)
FNDA:17,(anonymous_1)
FNDA:19,(anonymous_2)
FNDA:1,(anonymous_3)
FNDA:1,(anonymous_4)
FNDA:4,(anonymous_5)
FNDA:1,(anonymous_6)
FNDA:3,(anonymous_7)
FNDA:1,(anonymous_8)
FNDA:3,(anonymous_9)
FNDA:2,(anonymous_10)
FNDA:8,(anonymous_11)
FNDA:4,(anonymous_12)
FNDA:1,(anonymous_13)
FNDA:3,(anonymous_14)
FNDA:1,(anonymous_15)
DA:1,1
DA:2,1
DA:4,1
DA:5,17
DA:21,1
DA:23,19
DA:27,1
DA:34,1
DA:35,1
DA:37,1
DA:38,4
DA:39,4
DA:40,1
DA:42,3
DA:46,1
DA:47,4
DA:49,4
DA:50,5
DA:51,5
DA:52,2
DA:54,3
DA:55,2
DA:58,2
DA:61,1
DA:62,3
DA:64,3
DA:65,4
DA:66,4
DA:67,1
DA:69,3
DA:70,2
DA:76,3
DA:78,3
DA:79,9
DA:80,9
DA:81,2
DA:83,7
DA:84,1
DA:90,8
DA:92,2
DA:101,1
DA:102,4
DA:104,4
DA:105,10
DA:106,10
DA:107,1
DA:112,9
DA:113,3
DA:115,9
DA:116,9
DA:117,3
DA:120,1
DA:127,1
DA:129,1
DA:130,1
DA:131,4
DA:132,4
DA:133,1
DA:135,3
DA:138,1
DA:142,1
LF:61
LH:61
BRDA:39,0,0,1
BRDA:39,0,1,3
BRDA:46,1,0,3
BRDA:51,2,0,2
BRDA:51,2,1,3
BRDA:54,3,0,2
BRDA:54,3,1,1
BRDA:61,4,0,2
BRDA:66,5,0,1
BRDA:66,5,1,3
BRDA:69,6,0,2
BRDA:69,6,1,1
BRDA:80,7,0,2
BRDA:80,7,1,7
BRDA:83,8,0,1
BRDA:83,8,1,6
BRDA:90,9,0,4
BRDA:90,9,1,4
BRDA:101,10,0,1
BRDA:106,11,0,1
BRDA:106,11,1,9
BRDA:112,12,0,6
BRDA:112,12,1,3
BRDA:116,13,0,3
BRDA:116,13,1,6
BRDA:132,14,0,1
BRDA:132,14,1,3
BRF:27
BRH:27
end_of_record
TN:
SF:/home/sergio/Development/Proof of Concepts/linq-js/lib/functions/concat.js
FN:1,(anonymous_0)
FNF:1
FNH:1
FNDA:2,(anonymous_0)
DA:1,2
DA:2,2
DA:3,2
DA:6,2
LF:4
LH:4
BRF:0
BRH:0
end_of_record
TN:
SF:/home/sergio/Development/Proof of Concepts/linq-js/lib/functions/filter.js
FN:1,(anonymous_0)
FN:2,(anonymous_1)
FN:7,(anonymous_2)
FNF:3
FNH:3
FNDA:2,(anonymous_0)
FNDA:2,(anonymous_1)
FNDA:12,(anonymous_2)
DA:1,2
DA:3,2
DA:5,2
DA:6,2
DA:10,12
DA:11,18
DA:13,18
DA:14,12
DA:25,2
LF:9
LH:9
BRDA:13,0,0,12
BRDA:13,0,1,6
BRDA:13,1,0,18
BRDA:13,1,1,16
BRF:4
BRH:4
end_of_record
TN:
SF:/home/sergio/Development/Proof of Concepts/linq-js/lib/functions/get.js
FN:1,(anonymous_0)
FNF:1
FNH:1
FNDA:5,(anonymous_0)
DA:1,2
DA:2,5
DA:4,5
DA:5,5
DA:6,14
DA:7,1
DA:10,13
DA:12,13
DA:13,4
DA:18,2
LF:10
LH:10
BRDA:6,0,0,1
BRDA:6,0,1,13
BRDA:12,1,0,4
BRDA:12,1,1,9
BRDA:12,2,0,13
BRDA:12,2,1,12
BRF:6
BRH:6
end_of_record
TN:
SF:/home/sergio/Development/Proof of Concepts/linq-js/lib/functions/index.js
FNF:0
FNH:0
DA:1,1
DA:2,1
DA:3,1
DA:4,1
DA:5,1
DA:6,1
DA:7,1
DA:8,1
DA:10,1
LF:9
LH:9
BRF:0
BRH:0
end_of_record
TN:
SF:/home/sergio/Development/Proof of Concepts/linq-js/lib/functions/map.js
FN:1,(anonymous_0)
FN:2,(anonymous_1)
FN:7,(anonymous_2)
FNF:3
FNH:3
FNDA:6,(anonymous_0)
FNDA:6,(anonymous_1)
FNDA:32,(anonymous_2)
DA:1,6
DA:3,6
DA:5,6
DA:6,6
DA:8,32
DA:9,32
DA:18,2
LF:7
LH:7
BRDA:10,0,0,32
BRDA:10,0,1,27
BRF:2
BRH:2
end_of_record
TN:
SF:/home/sergio/Development/Proof of Concepts/linq-js/lib/functions/reduce.js
FN:1,(anonymous_0)
FNF:1
FNH:1
FNDA:6,(anonymous_0)
DA:1,2
DA:2,6
DA:4,6
DA:5,6
DA:6,6
DA:7,25
DA:9,25
DA:10,6
DA:11,2
DA:13,4
DA:16,19
DA:19,19
DA:23,2
LF:13
LH:13
BRDA:9,0,0,6
BRDA:9,0,1,19
BRDA:10,1,0,2
BRDA:10,1,1,4
BRDA:16,2,0,16
BRDA:16,2,1,3
BRF:6
BRH:6
end_of_record
TN:
SF:/home/sergio/Development/Proof of Concepts/linq-js/lib/functions/repeat.js
FN:1,(anonymous_0)
FN:2,(anonymous_1)
FN:4,(anonymous_2)
FNF:3
FNH:3
FNDA:2,(anonymous_0)
FNDA:2,(anonymous_1)
FNDA:11,(anonymous_2)
DA:1,2
DA:3,2
DA:5,11
DA:14,2
LF:4
LH:4
BRF:0
BRH:0
end_of_record
TN:
SF:/home/sergio/Development/Proof of Concepts/linq-js/lib/functions/skip.js
FN:1,(anonymous_0)
FNF:1
FNH:1
FNDA:2,(anonymous_0)
DA:1,2
DA:2,2
DA:3,8
DA:4,3
DA:9,2
LF:5
LH:5
BRDA:3,0,0,3
BRDA:3,0,1,5
BRF:2
BRH:2
end_of_record
TN:
SF:/home/sergio/Development/Proof of Concepts/linq-js/lib/functions/take.js
FN:1,(anonymous_0)
FNF:1
FNH:1
FNDA:2,(anonymous_0)
DA:1,2
DA:2,2
DA:3,5
DA:5,5
DA:6,1
DA:11,2
LF:6
LH:6
BRDA:5,0,0,1
BRDA:5,0,1,4
BRF:2
BRH:2
end_of_record
TN:
SF:/home/sergio/Development/Proof of Concepts/linq-js/lib/functions/toIterable.js
FN:1,(anonymous_0)
FN:2,(anonymous_1)
FN:5,(anonymous_2)
FNF:3
FNH:3
FNDA:1,(anonymous_0)
FNDA:1,(anonymous_1)
FNDA:2,(anonymous_2)
DA:1,1
DA:3,1
DA:4,1
DA:6,2
DA:11,2
DA:12,2
DA:18,1
LF:7
LH:7
BRF:0
BRH:0
end_of_record
